<?xml version="1.0" encoding="UTF-8"?>
<!-- Generated by org.testng.reporters.JUnitReportReporter -->
<testsuite hostname="360N-SF-Nayaz" failures="0" tests="1" name="Testcases.Login" time="16.444" errors="0" timestamp="2024-04-15T19:14:34 IST" skipped="0">
  <testcase classname="Testcases.Login" name="logincheck" time="16.444"/>
</testsuite> <!-- Testcases.Login -->
